<?xml version="1.0" encoding="UTF-8"?>
<testsuite name="BurgerUnitTest" tests="7" skipped="0" failures="1" errors="0" timestamp="2023-04-17T15:04:01" hostname="DESKTOP-8L6K710" time="24.078">
  <properties/>
  <testcase name="testMakingSalad" classname="BurgerUnitTest" time="2.023">
    <failure message="java.lang.ArrayIndexOutOfBoundsException: Index -1 out of bounds for length 3" type="java.lang.ArrayIndexOutOfBoundsException">java.lang.ArrayIndexOutOfBoundsException: Index -1 out of bounds for length 3
	at Sprites.Stack.peak(Stack.java:97)
	at BurgerUnitTest.testMakingSalad(BurgerUnitTest.java:60)
	at java.base/jdk.internal.reflect.NativeMethodAccessorImpl.invoke0(Native Method)
	at java.base/jdk.internal.reflect.NativeMethodAccessorImpl.invoke(NativeMethodAccessorImpl.java:77)
	at java.base/jdk.internal.reflect.DelegatingMethodAccessorImpl.invoke(DelegatingMethodAccessorImpl.java:43)
	at java.base/java.lang.reflect.Method.invoke(Method.java:568)
	at org.junit.runners.model.FrameworkMethod$1.runReflectiveCall(FrameworkMethod.java:59)
	at org.junit.internal.runners.model.ReflectiveCallable.run(ReflectiveCallable.java:12)
	at org.junit.runners.model.FrameworkMethod.invokeExplosively(FrameworkMethod.java:56)
	at org.junit.internal.runners.statements.InvokeMethod.evaluate(InvokeMethod.java:17)
	at org.junit.runners.ParentRunner$3.evaluate(ParentRunner.java:306)
	at org.junit.runners.BlockJUnit4ClassRunner$1.evaluate(BlockJUnit4ClassRunner.java:100)
	at org.junit.runners.ParentRunner.runLeaf(ParentRunner.java:366)
	at org.junit.runners.BlockJUnit4ClassRunner.runChild(BlockJUnit4ClassRunner.java:103)
	at org.junit.runners.BlockJUnit4ClassRunner.runChild(BlockJUnit4ClassRunner.java:63)
	at org.junit.runners.ParentRunner$4.run(ParentRunner.java:331)
	at org.junit.runners.ParentRunner$1.schedule(ParentRunner.java:79)
	at org.junit.runners.ParentRunner.runChildren(ParentRunner.java:329)
	at org.junit.runners.ParentRunner.access$100(ParentRunner.java:66)
	at org.junit.runners.ParentRunner$2.evaluate(ParentRunner.java:293)
	at org.junit.runners.ParentRunner$3.evaluate(ParentRunner.java:306)
	at org.junit.runners.ParentRunner.run(ParentRunner.java:413)
	at org.gradle.api.internal.tasks.testing.junit.JUnitTestClassExecutor.runTestClass(JUnitTestClassExecutor.java:110)
	at org.gradle.api.internal.tasks.testing.junit.JUnitTestClassExecutor.execute(JUnitTestClassExecutor.java:58)
	at org.gradle.api.internal.tasks.testing.junit.JUnitTestClassExecutor.execute(JUnitTestClassExecutor.java:38)
	at org.gradle.api.internal.tasks.testing.junit.AbstractJUnitTestClassProcessor.processTestClass(AbstractJUnitTestClassProcessor.java:62)
	at org.gradle.api.internal.tasks.testing.SuiteTestClassProcessor.processTestClass(SuiteTestClassProcessor.java:51)
	at java.base/jdk.internal.reflect.NativeMethodAccessorImpl.invoke0(Native Method)
	at java.base/jdk.internal.reflect.NativeMethodAccessorImpl.invoke(NativeMethodAccessorImpl.java:77)
	at java.base/jdk.internal.reflect.DelegatingMethodAccessorImpl.invoke(DelegatingMethodAccessorImpl.java:43)
	at java.base/java.lang.reflect.Method.invoke(Method.java:568)
	at org.gradle.internal.dispatch.ReflectionDispatch.dispatch(ReflectionDispatch.java:36)
	at org.gradle.internal.dispatch.ReflectionDispatch.dispatch(ReflectionDispatch.java:24)
	at org.gradle.internal.dispatch.ContextClassLoaderDispatch.dispatch(ContextClassLoaderDispatch.java:33)
	at org.gradle.internal.dispatch.ProxyDispatchAdapter$DispatchingInvocationHandler.invoke(ProxyDispatchAdapter.java:94)
	at jdk.proxy1/jdk.proxy1.$Proxy2.processTestClass(Unknown Source)
	at org.gradle.api.internal.tasks.testing.worker.TestWorker$2.run(TestWorker.java:176)
	at org.gradle.api.internal.tasks.testing.worker.TestWorker.executeAndMaintainThreadName(TestWorker.java:129)
	at org.gradle.api.internal.tasks.testing.worker.TestWorker.execute(TestWorker.java:100)
	at org.gradle.api.internal.tasks.testing.worker.TestWorker.execute(TestWorker.java:60)
	at org.gradle.process.internal.worker.child.ActionExecutionWorker.execute(ActionExecutionWorker.java:56)
	at org.gradle.process.internal.worker.child.SystemApplicationClassLoaderWorker.call(SystemApplicationClassLoaderWorker.java:133)
	at org.gradle.process.internal.worker.child.SystemApplicationClassLoaderWorker.call(SystemApplicationClassLoaderWorker.java:71)
	at worker.org.gradle.process.internal.worker.GradleWorkerMain.run(GradleWorkerMain.java:69)
	at worker.org.gradle.process.internal.worker.GradleWorkerMain.main(GradleWorkerMain.java:74)
</failure>
  </testcase>
  <testcase name="testMakePotato" classname="BurgerUnitTest" time="2.011"/>
  <testcase name="testBinning" classname="BurgerUnitTest" time="0.0"/>
  <testcase name="testBurning" classname="BurgerUnitTest" time="5.01"/>
  <testcase name="testMakingBurger" classname="BurgerUnitTest" time="6.026"/>
  <testcase name="testCustomerLeavesAfterTimeLimit" classname="BurgerUnitTest" time="9.008"/>
  <testcase name="testMakePizza" classname="BurgerUnitTest" time="0.0"/>
  <system-out><![CDATA[Interacted with ingredient source
Added to stack
Interacted with ChoppingBoard station
Interacted with ingredient source
Added to stack
Interacted with ChoppingBoard station
Finished
Interacted with ChoppingBoard station
Picked up
Interacted with Plate station
CheckingRecipe
Interacted with ingredient source
Added to stack
Interacted with Plate station
CheckingRecipe
Potato made
Cheese
Interacted with Oven station
Interacted with Bin station
Stack Already Empty
Binned
Interacted with Pan station
0
0
100
5009
Interacted with Pan station
Picked up
Interacted with ingredient source
Added to stack
Interacted with Pan station
Finished
Interacted with Pan station
Picked up
Interacted with Plate station
CheckingRecipe
Interacted with ingredient source
Added to stack
Interacted with ChoppingBoard station
Finished
Interacted with ChoppingBoard station
Picked up
Interacted with Pan station
Finished
0
0
Interacted with Pan station
Picked up
Interacted with Plate station
CheckingRecipe
Made Burger
Burger_buns
Changed leave time to: 2.0
Changed leave time to: 2.0
reset timer
Current customer: 1
Leaving0
]]></system-out>
  <system-err><![CDATA[]]></system-err>
</testsuite>
